<?xml version="1.0" encoding="UTF-8"?>
<!-- Generated by org.testng.reporters.JUnitXMLReporter -->
<testsuite ignored="0" hostname="HQSML-145482" failures="0" tests="8" name="Default test" time="25.937" errors="0" timestamp="2021-03-01T18:36:04 EST">
  <testcase classname="ww.ww_testng" name="verifyHomePageTitle" time="0.032"/>
  <testcase classname="ww.ww_testng" name="clickOnFindWorkshop" time="3.513"/>
  <testcase classname="ww.ww_testng" name="verifyFindWorkshopPageTitle" time="0.226"/>
  <testcase classname="ww.ww_testng" name="searchMeetings" time="0.564"/>
  <testcase classname="ww.ww_testng" name="printTitleDistance" time="1.006"/>
  <testcase classname="ww.ww_testng" name="clickOnFirstResult" time="3.722"/>
  <testcase classname="ww.ww_testng" name="printTodayBusinessHrs" time="0.695"/>
  <testcase classname="ww.ww_testng" name="printMeetingsforCoach" time="0.297"/>
</testsuite> <!-- Default test -->
