<?xml version="1.0" encoding="UTF-8"?>
<testng-results ignored="0" total="8" passed="8" failed="0" skipped="0">
  <reporter-output>
  </reporter-output>
  <suite started-at="2021-03-01T18:35:38 EST" name="Default suite" finished-at="2021-03-01T18:36:04 EST" duration-ms="25937">
    <groups>
    </groups>
    <test started-at="2021-03-01T18:35:38 EST" name="Default test" finished-at="2021-03-01T18:36:04 EST" duration-ms="25937">
      <class name="ww.ww_testng">
        <test-method is-config="true" signature="setURL()[pri:0, instance:ww.ww_testng@672872e1]" started-at="2021-03-01T18:35:38 EST" name="setURL" finished-at="2021-03-01T18:35:53 EST" duration-ms="15208" status="PASS">
          <reporter-output>
          </reporter-output>
        </test-method> <!-- setURL -->
        <test-method signature="verifyHomePageTitle()[pri:0, instance:ww.ww_testng@672872e1]" started-at="2021-03-01T18:35:53 EST" name="verifyHomePageTitle" finished-at="2021-03-01T18:35:53 EST" duration-ms="32" status="PASS">
          <reporter-output>
          </reporter-output>
        </test-method> <!-- verifyHomePageTitle -->
        <test-method signature="clickOnFindWorkshop()[pri:0, instance:ww.ww_testng@672872e1]" started-at="2021-03-01T18:35:53 EST" name="clickOnFindWorkshop" finished-at="2021-03-01T18:35:57 EST" depends-on-methods="ww.ww_testng.verifyHomePageTitle" duration-ms="3513" status="PASS">
          <reporter-output>
          </reporter-output>
        </test-method> <!-- clickOnFindWorkshop -->
        <test-method signature="verifyFindWorkshopPageTitle()[pri:0, instance:ww.ww_testng@672872e1]" started-at="2021-03-01T18:35:57 EST" name="verifyFindWorkshopPageTitle" finished-at="2021-03-01T18:35:57 EST" depends-on-methods="ww.ww_testng.clickOnFindWorkshop" duration-ms="226" status="PASS">
          <reporter-output>
          </reporter-output>
        </test-method> <!-- verifyFindWorkshopPageTitle -->
        <test-method signature="searchMeetings()[pri:0, instance:ww.ww_testng@672872e1]" started-at="2021-03-01T18:35:57 EST" name="searchMeetings" finished-at="2021-03-01T18:35:58 EST" depends-on-methods="ww.ww_testng.verifyFindWorkshopPageTitle" duration-ms="564" status="PASS">
          <reporter-output>
          </reporter-output>
        </test-method> <!-- searchMeetings -->
        <test-method signature="printTitleDistance()[pri:0, instance:ww.ww_testng@672872e1]" started-at="2021-03-01T18:35:58 EST" name="printTitleDistance" finished-at="2021-03-01T18:35:59 EST" depends-on-methods="ww.ww_testng.searchMeetings" duration-ms="1006" status="PASS">
          <reporter-output>
          </reporter-output>
        </test-method> <!-- printTitleDistance -->
        <test-method signature="clickOnFirstResult()[pri:0, instance:ww.ww_testng@672872e1]" started-at="2021-03-01T18:35:59 EST" name="clickOnFirstResult" finished-at="2021-03-01T18:36:02 EST" depends-on-methods="ww.ww_testng.printTitleDistance" duration-ms="3722" status="PASS">
          <reporter-output>
          </reporter-output>
        </test-method> <!-- clickOnFirstResult -->
        <test-method signature="printTodayBusinessHrs()[pri:0, instance:ww.ww_testng@672872e1]" started-at="2021-03-01T18:36:02 EST" name="printTodayBusinessHrs" finished-at="2021-03-01T18:36:03 EST" depends-on-methods="ww.ww_testng.clickOnFirstResult" duration-ms="695" status="PASS">
          <reporter-output>
          </reporter-output>
        </test-method> <!-- printTodayBusinessHrs -->
        <test-method signature="printMeetingsforCoach()[pri:0, instance:ww.ww_testng@672872e1]" started-at="2021-03-01T18:36:03 EST" name="printMeetingsforCoach" finished-at="2021-03-01T18:36:03 EST" depends-on-methods="ww.ww_testng.printTodayBusinessHrs" duration-ms="297" status="PASS">
          <reporter-output>
          </reporter-output>
        </test-method> <!-- printMeetingsforCoach -->
        <test-method is-config="true" signature="endSession()[pri:0, instance:ww.ww_testng@672872e1]" started-at="2021-03-01T18:36:03 EST" name="endSession" finished-at="2021-03-01T18:36:04 EST" duration-ms="508" status="PASS">
          <reporter-output>
          </reporter-output>
        </test-method> <!-- endSession -->
      </class> <!-- ww.ww_testng -->
    </test> <!-- Default test -->
  </suite> <!-- Default suite -->
</testng-results>
